<?xml version="1.0" encoding="UTF-8"?>
<!-- Generated by org.testng.reporters.JUnitXMLReporter -->
<testsuite ignored="0" hostname="DESKTOP-AREV02Q" failures="1" tests="11" name="Test" time="301.959" errors="0" timestamp="2023-06-12T17:07:14 IST">
  <testcase classname="com.fastraxCP.testCases.RegisterPage" name="registerPage" time="11.905"/>
  <testcase classname="com.fastraxCP.testCases.loginPage" name="loginwithValidCredential" time="5.201"/>
  <testcase classname="com.fastraxCP.testCases.loginPage" name="loginwithInValidEmail" time="5.207"/>
  <testcase classname="com.fastraxCP.testCases.loginPage" name="loginwithInvalidPassword" time="5.188"/>
  <testcase classname="com.fastraxCP.testCases.loginPage" name="loginwithbothInvalidEmailPass" time="3.176"/>
  <testcase classname="com.fastraxCP.testCases.loginPage" name="loginwithemptyemail" time="3.28"/>
  <testcase classname="com.fastraxCP.testCases.loginPage" name="loginwithemptypassword" time="3.194"/>
  <testcase classname="com.fastraxCP.testCases.loginPage" name="loginwithlessdigitPassword" time="9.225"/>
  <testcase classname="com.fastraxCP.testCases.loginPage" name="ValidEmailandPassword" time="3.161"/>
  <testcase classname="com.fastraxCP.testCases.startNewPermit" name="startnewPermit" time="95.403">
    <failure type="org.openqa.selenium.NoSuchElementException" message="no such element: Unable to locate element: {&amp;quot;method&amp;quot;:&amp;quot;xpath&amp;quot;,&amp;quot;selector&amp;quot;:&amp;quot;//table/tbody/tr/td[contains(text(),&amp;apos; 2023-00922&amp;apos;)]//following-sibling::td[contains(text(),&amp;apos;View&amp;apos;)]&amp;quot;}
  (Session info: chrome=114.0.5735.110)
For documentation on this error, please visit: https://selenium.dev/exceptions/#no_such_element
Build info: version: &amp;apos;4.8.0&amp;apos;, revision: &amp;apos;267030adea&amp;apos;
System info: os.name: &amp;apos;Windows 10&amp;apos;, os.arch: &amp;apos;amd64&amp;apos;, os.version: &amp;apos;10.0&amp;apos;, java.version: &amp;apos;17.0.6&amp;apos;
Driver info: org.openqa.selenium.chrome.ChromeDriver
Command: [74d37b5cf6dc72487f46b9837220dc63, findElement {using=xpath, value=//table/tbody/tr/td[contains(text(),&amp;apos; 2023-00922&amp;apos;)]//following-sibling::td[contains(text(),&amp;apos;View&amp;apos;)]}]
Capabilities {acceptInsecureCerts: false, browserName: chrome, browserVersion: 114.0.5735.110, chrome: {chromedriverVersion: 114.0.5735.90 (386bc09e8f4f..., userDataDir: C:\Users\ZIBTEK\AppData\Loc...}, goog:chromeOptions: {debuggerAddress: localhost:51923}, networkConnectionEnabled: false, pageLoadStrategy: normal, platformName: WINDOWS, proxy: Proxy(), se:cdp: ws://localhost:51923/devtoo..., se:cdpVersion: 114.0.5735.110, setWindowRect: true, strictFileInteractability: false, timeouts: {implicit: 0, pageLoad: 300000, script: 30000}, unhandledPromptBehavior: dismiss and notify, webauthn:extension:credBlob: true, webauthn:extension:largeBlob: true, webauthn:extension:minPinLength: true, webauthn:extension:prf: true, webauthn:virtualAuthenticators: true}
Session ID: 74d37b5cf6dc72487f46b9837220dc63">
      <![CDATA[org.openqa.selenium.NoSuchElementException: no such element: Unable to locate element: {"method":"xpath","selector":"//table/tbody/tr/td[contains(text(),' 2023-00922')]//following-sibling::td[contains(text(),'View')]"}
  (Session info: chrome=114.0.5735.110)
For documentation on this error, please visit: https://selenium.dev/exceptions/#no_such_element
Build info: version: '4.8.0', revision: '267030adea'
System info: os.name: 'Windows 10', os.arch: 'amd64', os.version: '10.0', java.version: '17.0.6'
Driver info: org.openqa.selenium.chrome.ChromeDriver
Command: [74d37b5cf6dc72487f46b9837220dc63, findElement {using=xpath, value=//table/tbody/tr/td[contains(text(),' 2023-00922')]//following-sibling::td[contains(text(),'View')]}]
Capabilities {acceptInsecureCerts: false, browserName: chrome, browserVersion: 114.0.5735.110, chrome: {chromedriverVersion: 114.0.5735.90 (386bc09e8f4f..., userDataDir: C:\Users\ZIBTEK\AppData\Loc...}, goog:chromeOptions: {debuggerAddress: localhost:51923}, networkConnectionEnabled: false, pageLoadStrategy: normal, platformName: WINDOWS, proxy: Proxy(), se:cdp: ws://localhost:51923/devtoo..., se:cdpVersion: 114.0.5735.110, setWindowRect: true, strictFileInteractability: false, timeouts: {implicit: 0, pageLoad: 300000, script: 30000}, unhandledPromptBehavior: dismiss and notify, webauthn:extension:credBlob: true, webauthn:extension:largeBlob: true, webauthn:extension:minPinLength: true, webauthn:extension:prf: true, webauthn:virtualAuthenticators: true}
Session ID: 74d37b5cf6dc72487f46b9837220dc63
at org.openqa.selenium.remote.codec.w3c.W3CHttpResponseCodec.createException(W3CHttpResponseCodec.java:200)
at org.openqa.selenium.remote.codec.w3c.W3CHttpResponseCodec.decode(W3CHttpResponseCodec.java:133)
at org.openqa.selenium.remote.codec.w3c.W3CHttpResponseCodec.decode(W3CHttpResponseCodec.java:53)
at org.openqa.selenium.remote.HttpCommandExecutor.execute(HttpCommandExecutor.java:184)
at org.openqa.selenium.remote.service.DriverCommandExecutor.invokeExecute(DriverCommandExecutor.java:167)
at org.openqa.selenium.remote.service.DriverCommandExecutor.execute(DriverCommandExecutor.java:142)
at org.openqa.selenium.remote.RemoteWebDriver.execute(RemoteWebDriver.java:543)
at org.openqa.selenium.remote.ElementLocation$ElementFinder$2.findElement(ElementLocation.java:162)
at org.openqa.selenium.remote.ElementLocation.findElement(ElementLocation.java:60)
at org.openqa.selenium.remote.RemoteWebDriver.findElement(RemoteWebDriver.java:352)
at org.openqa.selenium.remote.RemoteWebDriver.findElement(RemoteWebDriver.java:344)
at com.fastraxCP.testCases.startNewPermit.startnewPermit(startNewPermit.java:241)
at java.base/java.util.ArrayList.forEach(ArrayList.java:1511)
... Removed 32 stack frames]]>
    </failure>
  </testcase> <!-- startnewPermit -->
  <testcase classname="com.fastraxCP.testCases.startNewPermit" name="sample" time="46.234"/>
</testsuite> <!-- Test -->
